2020-03-05 18:43:00,250 INFO 92167 [egg:logger] init all loggers with options: {"dir":"/Users/liujianhui/projects/electron-app/app/main/server/logs/main","encoding":"utf8","env":"local","level":"INFO","consoleLevel":"INFO","disableConsoleAfterReady":false,"outputJSON":false,"buffer":true,"appLogName":"main-web.log","coreLogName":"egg-web.log","agentLogName":"egg-agent.log","errorLogName":"common-error.log","coreLogger":{"consoleLevel":"WARN"},"allowDebugAtProd":false,"type":"application"}
2020-03-05 18:43:00,282 INFO 92167 [egg-multipart] stream mode enable
2020-03-05 18:43:00,364 INFO 92167 [egg-static] starting static serve /public/ -> /Users/liujianhui/projects/electron-app/app/main/server/app/public
2020-03-05 18:43:00,367 INFO 92167 [egg-security] use csrf middleware
2020-03-05 18:43:00,368 INFO 92167 [egg-security] use methodnoallow middleware
2020-03-05 18:43:00,368 INFO 92167 [egg-security] use noopen middleware
2020-03-05 18:43:00,369 INFO 92167 [egg-security] use nosniff middleware
2020-03-05 18:43:00,369 INFO 92167 [egg-security] use xssProtection middleware
2020-03-05 18:43:00,370 INFO 92167 [egg-security] use xframe middleware
2020-03-05 18:43:00,370 INFO 92167 [egg-security] use dta middleware
2020-03-05 18:43:00,370 INFO 92167 [egg-security] compose 7 middlewares into one security middleware
2020-03-05 18:43:00,381 INFO 92167 [egg:core] dump config after load, 6ms
2020-03-05 18:43:00,395 INFO 92167 [egg-watcher:application] watcher start success
2020-03-05 18:43:00,402 INFO 92167 [egg:core] dump config after ready, 4ms
2020-03-05 18:43:38,337 INFO 92183 [egg:logger] init all loggers with options: {"dir":"/Users/liujianhui/projects/electron-app/app/main/server/logs/main","encoding":"utf8","env":"local","level":"INFO","consoleLevel":"INFO","disableConsoleAfterReady":false,"outputJSON":false,"buffer":true,"appLogName":"main-web.log","coreLogName":"egg-web.log","agentLogName":"egg-agent.log","errorLogName":"common-error.log","coreLogger":{"consoleLevel":"WARN"},"allowDebugAtProd":false,"type":"application"}
2020-03-05 18:43:38,385 INFO 92183 [egg-multipart] stream mode enable
2020-03-05 18:43:38,451 INFO 92183 [egg-static] starting static serve /public/ -> /Users/liujianhui/projects/electron-app/app/main/server/app/public
2020-03-05 18:43:38,455 INFO 92183 [egg-security] use csrf middleware
2020-03-05 18:43:38,456 INFO 92183 [egg-security] use methodnoallow middleware
2020-03-05 18:43:38,457 INFO 92183 [egg-security] use noopen middleware
2020-03-05 18:43:38,458 INFO 92183 [egg-security] use nosniff middleware
2020-03-05 18:43:38,459 INFO 92183 [egg-security] use xssProtection middleware
2020-03-05 18:43:38,460 INFO 92183 [egg-security] use xframe middleware
2020-03-05 18:43:38,460 INFO 92183 [egg-security] use dta middleware
2020-03-05 18:43:38,461 INFO 92183 [egg-security] compose 7 middlewares into one security middleware
2020-03-05 18:43:38,475 INFO 92183 [egg:core] dump config after load, 8ms
2020-03-05 18:43:38,491 INFO 92183 [egg-watcher:application] watcher start success
2020-03-05 18:43:38,499 INFO 92183 [egg:core] dump config after ready, 4ms
2020-03-05 18:43:47,010 INFO 92184 [egg:logger] init all loggers with options: {"dir":"/Users/liujianhui/projects/electron-app/app/main/server/logs/main","encoding":"utf8","env":"local","level":"INFO","consoleLevel":"INFO","disableConsoleAfterReady":false,"outputJSON":false,"buffer":true,"appLogName":"main-web.log","coreLogName":"egg-web.log","agentLogName":"egg-agent.log","errorLogName":"common-error.log","coreLogger":{"consoleLevel":"WARN"},"allowDebugAtProd":false,"type":"application"}
2020-03-05 18:43:47,042 INFO 92184 [egg-multipart] stream mode enable
2020-03-05 18:43:47,069 INFO 92184 [egg-static] starting static serve /public/ -> /Users/liujianhui/projects/electron-app/app/main/server/app/public
2020-03-05 18:43:47,072 INFO 92184 [egg-security] use csrf middleware
2020-03-05 18:43:47,072 INFO 92184 [egg-security] use methodnoallow middleware
2020-03-05 18:43:47,072 INFO 92184 [egg-security] use noopen middleware
2020-03-05 18:43:47,073 INFO 92184 [egg-security] use nosniff middleware
2020-03-05 18:43:47,073 INFO 92184 [egg-security] use xssProtection middleware
2020-03-05 18:43:47,073 INFO 92184 [egg-security] use xframe middleware
2020-03-05 18:43:47,074 INFO 92184 [egg-security] use dta middleware
2020-03-05 18:43:47,074 INFO 92184 [egg-security] compose 7 middlewares into one security middleware
2020-03-05 18:43:47,081 INFO 92184 [egg:core] dump config after load, 4ms
2020-03-05 18:43:47,092 INFO 92184 [egg-watcher:application] watcher start success
2020-03-05 18:43:47,098 INFO 92184 [egg:core] dump config after ready, 4ms
2020-03-05 18:44:04,063 INFO 92213 [egg:logger] init all loggers with options: {"dir":"/Users/liujianhui/projects/electron-app/app/main/server/logs/main","encoding":"utf8","env":"local","level":"INFO","consoleLevel":"INFO","disableConsoleAfterReady":false,"outputJSON":false,"buffer":true,"appLogName":"main-web.log","coreLogName":"egg-web.log","agentLogName":"egg-agent.log","errorLogName":"common-error.log","coreLogger":{"consoleLevel":"WARN"},"allowDebugAtProd":false,"type":"application"}
2020-03-05 18:44:04,092 INFO 92213 [egg-multipart] stream mode enable
2020-03-05 18:44:04,117 INFO 92213 [egg-static] starting static serve /public/ -> /Users/liujianhui/projects/electron-app/app/main/server/app/public
2020-03-05 18:44:04,119 INFO 92213 [egg-security] use csrf middleware
2020-03-05 18:44:04,120 INFO 92213 [egg-security] use methodnoallow middleware
2020-03-05 18:44:04,120 INFO 92213 [egg-security] use noopen middleware
2020-03-05 18:44:04,120 INFO 92213 [egg-security] use nosniff middleware
2020-03-05 18:44:04,121 INFO 92213 [egg-security] use xssProtection middleware
2020-03-05 18:44:04,121 INFO 92213 [egg-security] use xframe middleware
2020-03-05 18:44:04,121 INFO 92213 [egg-security] use dta middleware
2020-03-05 18:44:04,121 INFO 92213 [egg-security] compose 7 middlewares into one security middleware
2020-03-05 18:44:04,129 INFO 92213 [egg:core] dump config after load, 5ms
2020-03-05 18:44:04,145 INFO 92213 [egg-watcher:application] watcher start success
2020-03-05 18:44:04,150 INFO 92213 [egg:core] dump config after ready, 3ms
2020-03-05 18:45:21,351 INFO 92260 [egg:logger] init all loggers with options: {"dir":"/Users/liujianhui/projects/electron-app/app/main/server/logs/main","encoding":"utf8","env":"local","level":"INFO","consoleLevel":"INFO","disableConsoleAfterReady":false,"outputJSON":false,"buffer":true,"appLogName":"main-web.log","coreLogName":"egg-web.log","agentLogName":"egg-agent.log","errorLogName":"common-error.log","coreLogger":{"consoleLevel":"WARN"},"allowDebugAtProd":false,"type":"application"}
2020-03-05 18:45:21,375 INFO 92260 [egg-multipart] stream mode enable
2020-03-05 18:45:21,442 INFO 92260 [egg-static] starting static serve /public/ -> /Users/liujianhui/projects/electron-app/app/main/server/app/public
2020-03-05 18:45:21,445 INFO 92260 [egg-security] use csrf middleware
2020-03-05 18:45:21,446 INFO 92260 [egg-security] use methodnoallow middleware
2020-03-05 18:45:21,447 INFO 92260 [egg-security] use noopen middleware
2020-03-05 18:45:21,448 INFO 92260 [egg-security] use nosniff middleware
2020-03-05 18:45:21,449 INFO 92260 [egg-security] use xssProtection middleware
2020-03-05 18:45:21,450 INFO 92260 [egg-security] use xframe middleware
2020-03-05 18:45:21,451 INFO 92260 [egg-security] use dta middleware
2020-03-05 18:45:21,451 INFO 92260 [egg-security] compose 7 middlewares into one security middleware
2020-03-05 18:45:21,462 INFO 92260 [egg:core] dump config after load, 5ms
2020-03-05 18:45:21,474 INFO 92260 [egg-watcher:application] watcher start success
2020-03-05 18:45:21,479 INFO 92260 [egg:core] dump config after ready, 3ms
2020-03-05 18:46:25,605 INFO 92311 [egg:logger] init all loggers with options: {"dir":"/Users/liujianhui/projects/electron-app/app/main/server/logs/main","encoding":"utf8","env":"local","level":"INFO","consoleLevel":"INFO","disableConsoleAfterReady":false,"outputJSON":false,"buffer":true,"appLogName":"main-web.log","coreLogName":"egg-web.log","agentLogName":"egg-agent.log","errorLogName":"common-error.log","coreLogger":{"consoleLevel":"WARN"},"allowDebugAtProd":false,"type":"application"}
2020-03-05 18:46:25,629 INFO 92311 [egg-multipart] stream mode enable
2020-03-05 18:46:25,691 INFO 92311 [egg-static] starting static serve /public/ -> /Users/liujianhui/projects/electron-app/app/main/server/app/public
2020-03-05 18:46:25,694 INFO 92311 [egg-security] use csrf middleware
2020-03-05 18:46:25,695 INFO 92311 [egg-security] use methodnoallow middleware
2020-03-05 18:46:25,696 INFO 92311 [egg-security] use noopen middleware
2020-03-05 18:46:25,697 INFO 92311 [egg-security] use nosniff middleware
2020-03-05 18:46:25,698 INFO 92311 [egg-security] use xssProtection middleware
2020-03-05 18:46:25,698 INFO 92311 [egg-security] use xframe middleware
2020-03-05 18:46:25,699 INFO 92311 [egg-security] use dta middleware
2020-03-05 18:46:25,699 INFO 92311 [egg-security] compose 7 middlewares into one security middleware
2020-03-05 18:46:25,710 INFO 92311 [egg:core] dump config after load, 5ms
2020-03-05 18:46:25,722 INFO 92311 [egg-watcher:application] watcher start success
2020-03-05 18:46:25,727 INFO 92311 [egg:core] dump config after ready, 3ms
2020-03-05 18:46:52,072 INFO 92315 [egg:logger] init all loggers with options: {"dir":"/Users/liujianhui/projects/electron-app/app/main/server/logs/main","encoding":"utf8","env":"local","level":"INFO","consoleLevel":"INFO","disableConsoleAfterReady":false,"outputJSON":false,"buffer":true,"appLogName":"main-web.log","coreLogName":"egg-web.log","agentLogName":"egg-agent.log","errorLogName":"common-error.log","coreLogger":{"consoleLevel":"WARN"},"allowDebugAtProd":false,"type":"application"}
2020-03-05 18:46:52,110 INFO 92315 [egg-multipart] stream mode enable
2020-03-05 18:46:52,177 INFO 92315 [egg-static] starting static serve /public/ -> /Users/liujianhui/projects/electron-app/app/main/server/app/public
2020-03-05 18:46:52,180 INFO 92315 [egg-security] use csrf middleware
2020-03-05 18:46:52,181 INFO 92315 [egg-security] use methodnoallow middleware
2020-03-05 18:46:52,182 INFO 92315 [egg-security] use noopen middleware
2020-03-05 18:46:52,183 INFO 92315 [egg-security] use nosniff middleware
2020-03-05 18:46:52,184 INFO 92315 [egg-security] use xssProtection middleware
2020-03-05 18:46:52,185 INFO 92315 [egg-security] use xframe middleware
2020-03-05 18:46:52,186 INFO 92315 [egg-security] use dta middleware
2020-03-05 18:46:52,186 INFO 92315 [egg-security] compose 7 middlewares into one security middleware
2020-03-05 18:46:52,195 INFO 92315 [egg:core] dump config after load, 4ms
2020-03-05 18:46:52,205 INFO 92315 [egg-watcher:application] watcher start success
2020-03-05 18:46:52,210 INFO 92315 [egg:core] dump config after ready, 3ms
2020-03-05 18:58:58,148 INFO 92856 [egg:logger] init all loggers with options: {"dir":"/Users/liujianhui/projects/electron-app/app/main/server/logs/main","encoding":"utf8","env":"local","level":"INFO","consoleLevel":"INFO","disableConsoleAfterReady":false,"outputJSON":false,"buffer":true,"appLogName":"main-web.log","coreLogName":"egg-web.log","agentLogName":"egg-agent.log","errorLogName":"common-error.log","coreLogger":{"consoleLevel":"WARN"},"allowDebugAtProd":false,"type":"application"}
2020-03-05 18:58:58,171 INFO 92856 [egg-multipart] stream mode enable
2020-03-05 18:58:58,193 INFO 92856 [egg-static] starting static serve /public/ -> /Users/liujianhui/projects/electron-app/app/main/server/app/public
2020-03-05 18:58:58,195 INFO 92856 [egg-security] use csrf middleware
2020-03-05 18:58:58,195 INFO 92856 [egg-security] use methodnoallow middleware
2020-03-05 18:58:58,196 INFO 92856 [egg-security] use noopen middleware
2020-03-05 18:58:58,196 INFO 92856 [egg-security] use nosniff middleware
2020-03-05 18:58:58,196 INFO 92856 [egg-security] use xssProtection middleware
2020-03-05 18:58:58,196 INFO 92856 [egg-security] use xframe middleware
2020-03-05 18:58:58,197 INFO 92856 [egg-security] use dta middleware
2020-03-05 18:58:58,197 INFO 92856 [egg-security] compose 7 middlewares into one security middleware
2020-03-05 18:58:58,209 INFO 92856 [egg:core] dump config after load, 6ms
2020-03-05 18:58:58,222 INFO 92856 [egg-watcher:application] watcher start success
2020-03-05 18:58:58,227 INFO 92856 [egg:core] dump config after ready, 2ms
2020-03-05 18:59:30,594 INFO 92880 [egg:logger] init all loggers with options: {"dir":"/Users/liujianhui/projects/electron-app/app/main/server/logs/main","encoding":"utf8","env":"local","level":"INFO","consoleLevel":"INFO","disableConsoleAfterReady":false,"outputJSON":false,"buffer":true,"appLogName":"main-web.log","coreLogName":"egg-web.log","agentLogName":"egg-agent.log","errorLogName":"common-error.log","coreLogger":{"consoleLevel":"WARN"},"allowDebugAtProd":false,"type":"application"}
2020-03-05 18:59:30,622 INFO 92880 [egg-multipart] stream mode enable
2020-03-05 18:59:30,647 INFO 92880 [egg-static] starting static serve /public/ -> /Users/liujianhui/projects/electron-app/app/main/server/app/public
2020-03-05 18:59:30,650 INFO 92880 [egg-security] use csrf middleware
2020-03-05 18:59:30,650 INFO 92880 [egg-security] use methodnoallow middleware
2020-03-05 18:59:30,650 INFO 92880 [egg-security] use noopen middleware
2020-03-05 18:59:30,651 INFO 92880 [egg-security] use nosniff middleware
2020-03-05 18:59:30,651 INFO 92880 [egg-security] use xssProtection middleware
2020-03-05 18:59:30,651 INFO 92880 [egg-security] use xframe middleware
2020-03-05 18:59:30,651 INFO 92880 [egg-security] use dta middleware
2020-03-05 18:59:30,651 INFO 92880 [egg-security] compose 7 middlewares into one security middleware
2020-03-05 18:59:30,658 INFO 92880 [egg:core] dump config after load, 4ms
2020-03-05 18:59:30,671 INFO 92880 [egg-watcher:application] watcher start success
2020-03-05 18:59:30,675 INFO 92880 [egg:core] dump config after ready, 2ms
2020-03-05 18:59:42,739 INFO 92904 [egg:logger] init all loggers with options: {"dir":"/Users/liujianhui/projects/electron-app/app/main/server/logs/main","encoding":"utf8","env":"local","level":"INFO","consoleLevel":"INFO","disableConsoleAfterReady":false,"outputJSON":false,"buffer":true,"appLogName":"main-web.log","coreLogName":"egg-web.log","agentLogName":"egg-agent.log","errorLogName":"common-error.log","coreLogger":{"consoleLevel":"WARN"},"allowDebugAtProd":false,"type":"application"}
2020-03-05 18:59:42,762 INFO 92904 [egg-multipart] stream mode enable
2020-03-05 18:59:42,784 INFO 92904 [egg-static] starting static serve /public/ -> /Users/liujianhui/projects/electron-app/app/main/server/app/public
2020-03-05 18:59:42,786 INFO 92904 [egg-security] use csrf middleware
2020-03-05 18:59:42,786 INFO 92904 [egg-security] use methodnoallow middleware
2020-03-05 18:59:42,787 INFO 92904 [egg-security] use noopen middleware
2020-03-05 18:59:42,787 INFO 92904 [egg-security] use nosniff middleware
2020-03-05 18:59:42,787 INFO 92904 [egg-security] use xssProtection middleware
2020-03-05 18:59:42,787 INFO 92904 [egg-security] use xframe middleware
2020-03-05 18:59:42,788 INFO 92904 [egg-security] use dta middleware
2020-03-05 18:59:42,788 INFO 92904 [egg-security] compose 7 middlewares into one security middleware
2020-03-05 18:59:42,796 INFO 92904 [egg:core] dump config after load, 4ms
2020-03-05 18:59:42,809 INFO 92904 [egg-watcher:application] watcher start success
2020-03-05 18:59:42,813 INFO 92904 [egg:core] dump config after ready, 3ms
2020-03-05 19:02:43,796 INFO 92994 [egg:logger] init all loggers with options: {"dir":"/Users/liujianhui/projects/electron-app/app/main/server/logs/main","encoding":"utf8","env":"local","level":"INFO","consoleLevel":"INFO","disableConsoleAfterReady":false,"outputJSON":false,"buffer":true,"appLogName":"main-web.log","coreLogName":"egg-web.log","agentLogName":"egg-agent.log","errorLogName":"common-error.log","coreLogger":{"consoleLevel":"WARN"},"allowDebugAtProd":false,"type":"application"}
2020-03-05 19:02:43,819 INFO 92994 [egg-multipart] stream mode enable
2020-03-05 19:02:43,885 INFO 92994 [egg-static] starting static serve /public/ -> /Users/liujianhui/projects/electron-app/app/main/server/app/public
2020-03-05 19:02:43,888 INFO 92994 [egg-security] use csrf middleware
2020-03-05 19:02:43,888 INFO 92994 [egg-security] use methodnoallow middleware
2020-03-05 19:02:43,889 INFO 92994 [egg-security] use noopen middleware
2020-03-05 19:02:43,890 INFO 92994 [egg-security] use nosniff middleware
2020-03-05 19:02:43,891 INFO 92994 [egg-security] use xssProtection middleware
2020-03-05 19:02:43,892 INFO 92994 [egg-security] use xframe middleware
2020-03-05 19:02:43,893 INFO 92994 [egg-security] use dta middleware
2020-03-05 19:02:43,893 INFO 92994 [egg-security] compose 7 middlewares into one security middleware
2020-03-05 19:02:43,903 INFO 92994 [egg:core] dump config after load, 5ms
2020-03-05 19:02:43,915 INFO 92994 [egg-watcher:application] watcher start success
2020-03-05 19:02:43,919 INFO 92994 [egg:core] dump config after ready, 2ms
2020-03-05 19:03:06,065 INFO 93026 [egg:logger] init all loggers with options: {"dir":"/Users/liujianhui/projects/electron-app/app/main/server/logs/main","encoding":"utf8","env":"local","level":"INFO","consoleLevel":"INFO","disableConsoleAfterReady":false,"outputJSON":false,"buffer":true,"appLogName":"main-web.log","coreLogName":"egg-web.log","agentLogName":"egg-agent.log","errorLogName":"common-error.log","coreLogger":{"consoleLevel":"WARN"},"allowDebugAtProd":false,"type":"application"}
2020-03-05 19:03:06,097 INFO 93026 [egg-multipart] stream mode enable
2020-03-05 19:03:06,189 INFO 93026 [egg-static] starting static serve /public/ -> /Users/liujianhui/projects/electron-app/app/main/server/app/public
2020-03-05 19:03:06,192 INFO 93026 [egg-security] use csrf middleware
2020-03-05 19:03:06,193 INFO 93026 [egg-security] use methodnoallow middleware
2020-03-05 19:03:06,194 INFO 93026 [egg-security] use noopen middleware
2020-03-05 19:03:06,195 INFO 93026 [egg-security] use nosniff middleware
2020-03-05 19:03:06,196 INFO 93026 [egg-security] use xssProtection middleware
2020-03-05 19:03:06,196 INFO 93026 [egg-security] use xframe middleware
2020-03-05 19:03:06,197 INFO 93026 [egg-security] use dta middleware
2020-03-05 19:03:06,197 INFO 93026 [egg-security] compose 7 middlewares into one security middleware
2020-03-05 19:03:06,207 INFO 93026 [egg:core] dump config after load, 4ms
2020-03-05 19:03:06,222 INFO 93026 [egg-watcher:application] watcher start success
2020-03-05 19:03:06,228 INFO 93026 [egg:core] dump config after ready, 4ms
2020-03-05 19:03:33,278 INFO 93067 [egg:logger] init all loggers with options: {"dir":"/Users/liujianhui/projects/electron-app/app/main/server/logs/main","encoding":"utf8","env":"local","level":"INFO","consoleLevel":"INFO","disableConsoleAfterReady":false,"outputJSON":false,"buffer":true,"appLogName":"main-web.log","coreLogName":"egg-web.log","agentLogName":"egg-agent.log","errorLogName":"common-error.log","coreLogger":{"consoleLevel":"WARN"},"allowDebugAtProd":false,"type":"application"}
2020-03-05 19:03:33,305 INFO 93067 [egg-multipart] stream mode enable
2020-03-05 19:03:33,326 INFO 93067 [egg-static] starting static serve /public/ -> /Users/liujianhui/projects/electron-app/app/main/server/app/public
2020-03-05 19:03:33,328 INFO 93067 [egg-security] use csrf middleware
2020-03-05 19:03:33,329 INFO 93067 [egg-security] use methodnoallow middleware
2020-03-05 19:03:33,329 INFO 93067 [egg-security] use noopen middleware
2020-03-05 19:03:33,329 INFO 93067 [egg-security] use nosniff middleware
2020-03-05 19:03:33,330 INFO 93067 [egg-security] use xssProtection middleware
2020-03-05 19:03:33,330 INFO 93067 [egg-security] use xframe middleware
2020-03-05 19:03:33,331 INFO 93067 [egg-security] use dta middleware
2020-03-05 19:03:33,332 INFO 93067 [egg-security] compose 7 middlewares into one security middleware
2020-03-05 19:03:33,338 INFO 93067 [egg:core] dump config after load, 4ms
2020-03-05 19:03:33,351 INFO 93067 [egg-watcher:application] watcher start success
2020-03-05 19:03:33,355 INFO 93067 [egg:core] dump config after ready, 2ms
