2020-03-05 18:43:00,411 INFO 92163 [Timer] /Users/liujianhui/projects/electron-app/node_modules/egg-multipart/app/schedule/clean_tmpdir.js next time will execute after 35219595ms at 2020-03-06 04:30:00.006
2020-03-05 18:43:00,411 INFO 92163 [Timer] /Users/liujianhui/projects/electron-app/node_modules/egg-logrotator/app/schedule/clean_log.js next time will execute after 19019589ms at 2020-03-06 00:00:00.000
2020-03-05 18:43:00,412 INFO 92163 [Timer] /Users/liujianhui/projects/electron-app/node_modules/egg-logrotator/app/schedule/rotate_by_file.js next time will execute after 19020589ms at 2020-03-06 00:00:01.001
2020-03-05 18:43:00,281 INFO 92167 [egg-schedule]: register schedule /Users/liujianhui/projects/electron-app/node_modules/egg-multipart/app/schedule/clean_tmpdir.js
2020-03-05 18:43:00,281 INFO 92167 [egg-schedule]: register schedule /Users/liujianhui/projects/electron-app/node_modules/egg-logrotator/app/schedule/clean_log.js
2020-03-05 18:43:00,281 INFO 92167 [egg-schedule]: register schedule /Users/liujianhui/projects/electron-app/node_modules/egg-logrotator/app/schedule/rotate_by_file.js
2020-03-05 18:43:38,384 INFO 92183 [egg-schedule]: register schedule /Users/liujianhui/projects/electron-app/node_modules/egg-multipart/app/schedule/clean_tmpdir.js
2020-03-05 18:43:38,384 INFO 92183 [egg-schedule]: register schedule /Users/liujianhui/projects/electron-app/node_modules/egg-logrotator/app/schedule/clean_log.js
2020-03-05 18:43:38,384 INFO 92183 [egg-schedule]: register schedule /Users/liujianhui/projects/electron-app/node_modules/egg-logrotator/app/schedule/rotate_by_file.js
2020-03-05 18:43:47,042 INFO 92184 [egg-schedule]: register schedule /Users/liujianhui/projects/electron-app/node_modules/egg-multipart/app/schedule/clean_tmpdir.js
2020-03-05 18:43:47,042 INFO 92184 [egg-schedule]: register schedule /Users/liujianhui/projects/electron-app/node_modules/egg-logrotator/app/schedule/clean_log.js
2020-03-05 18:43:47,042 INFO 92184 [egg-schedule]: register schedule /Users/liujianhui/projects/electron-app/node_modules/egg-logrotator/app/schedule/rotate_by_file.js
2020-03-05 18:44:04,157 INFO 92212 [Timer] /Users/liujianhui/projects/electron-app/node_modules/egg-multipart/app/schedule/clean_tmpdir.js next time will execute after 35155846ms at 2020-03-06 04:30:00.003
2020-03-05 18:44:04,157 INFO 92212 [Timer] /Users/liujianhui/projects/electron-app/node_modules/egg-logrotator/app/schedule/clean_log.js next time will execute after 18955843ms at 2020-03-06 00:00:00.000
2020-03-05 18:44:04,157 INFO 92212 [Timer] /Users/liujianhui/projects/electron-app/node_modules/egg-logrotator/app/schedule/rotate_by_file.js next time will execute after 18956843ms at 2020-03-06 00:00:01.000
2020-03-05 18:44:04,091 INFO 92213 [egg-schedule]: register schedule /Users/liujianhui/projects/electron-app/node_modules/egg-multipart/app/schedule/clean_tmpdir.js
2020-03-05 18:44:04,092 INFO 92213 [egg-schedule]: register schedule /Users/liujianhui/projects/electron-app/node_modules/egg-logrotator/app/schedule/clean_log.js
2020-03-05 18:44:04,092 INFO 92213 [egg-schedule]: register schedule /Users/liujianhui/projects/electron-app/node_modules/egg-logrotator/app/schedule/rotate_by_file.js
2020-03-05 18:45:21,484 INFO 92259 [Timer] /Users/liujianhui/projects/electron-app/node_modules/egg-multipart/app/schedule/clean_tmpdir.js next time will execute after 35078519ms at 2020-03-06 04:30:00.003
2020-03-05 18:45:21,484 INFO 92259 [Timer] /Users/liujianhui/projects/electron-app/node_modules/egg-logrotator/app/schedule/clean_log.js next time will execute after 18878516ms at 2020-03-06 00:00:00.000
2020-03-05 18:45:21,485 INFO 92259 [Timer] /Users/liujianhui/projects/electron-app/node_modules/egg-logrotator/app/schedule/rotate_by_file.js next time will execute after 18879516ms at 2020-03-06 00:00:01.001
2020-03-05 18:45:21,374 INFO 92260 [egg-schedule]: register schedule /Users/liujianhui/projects/electron-app/node_modules/egg-multipart/app/schedule/clean_tmpdir.js
2020-03-05 18:45:21,374 INFO 92260 [egg-schedule]: register schedule /Users/liujianhui/projects/electron-app/node_modules/egg-logrotator/app/schedule/clean_log.js
2020-03-05 18:45:21,374 INFO 92260 [egg-schedule]: register schedule /Users/liujianhui/projects/electron-app/node_modules/egg-logrotator/app/schedule/rotate_by_file.js
2020-03-05 18:46:25,732 INFO 92307 [Timer] /Users/liujianhui/projects/electron-app/node_modules/egg-multipart/app/schedule/clean_tmpdir.js next time will execute after 35014271ms at 2020-03-06 04:30:00.003
2020-03-05 18:46:25,733 INFO 92307 [Timer] /Users/liujianhui/projects/electron-app/node_modules/egg-logrotator/app/schedule/clean_log.js next time will execute after 18814267ms at 2020-03-06 00:00:00.000
2020-03-05 18:46:25,733 INFO 92307 [Timer] /Users/liujianhui/projects/electron-app/node_modules/egg-logrotator/app/schedule/rotate_by_file.js next time will execute after 18815267ms at 2020-03-06 00:00:01.000
2020-03-05 18:46:25,628 INFO 92311 [egg-schedule]: register schedule /Users/liujianhui/projects/electron-app/node_modules/egg-multipart/app/schedule/clean_tmpdir.js
2020-03-05 18:46:25,628 INFO 92311 [egg-schedule]: register schedule /Users/liujianhui/projects/electron-app/node_modules/egg-logrotator/app/schedule/clean_log.js
2020-03-05 18:46:25,628 INFO 92311 [egg-schedule]: register schedule /Users/liujianhui/projects/electron-app/node_modules/egg-logrotator/app/schedule/rotate_by_file.js
2020-03-05 18:46:52,110 INFO 92315 [egg-schedule]: register schedule /Users/liujianhui/projects/electron-app/node_modules/egg-multipart/app/schedule/clean_tmpdir.js
2020-03-05 18:46:52,110 INFO 92315 [egg-schedule]: register schedule /Users/liujianhui/projects/electron-app/node_modules/egg-logrotator/app/schedule/clean_log.js
2020-03-05 18:46:52,110 INFO 92315 [egg-schedule]: register schedule /Users/liujianhui/projects/electron-app/node_modules/egg-logrotator/app/schedule/rotate_by_file.js
2020-03-05 18:58:58,233 INFO 92852 [Timer] /Users/liujianhui/projects/electron-app/node_modules/egg-multipart/app/schedule/clean_tmpdir.js next time will execute after 34261771ms at 2020-03-06 04:30:00.004
2020-03-05 18:58:58,233 INFO 92852 [Timer] /Users/liujianhui/projects/electron-app/node_modules/egg-logrotator/app/schedule/clean_log.js next time will execute after 18061767ms at 2020-03-06 00:00:00.000
2020-03-05 18:58:58,233 INFO 92852 [Timer] /Users/liujianhui/projects/electron-app/node_modules/egg-logrotator/app/schedule/rotate_by_file.js next time will execute after 18062767ms at 2020-03-06 00:00:01.000
2020-03-05 18:58:58,170 INFO 92856 [egg-schedule]: register schedule /Users/liujianhui/projects/electron-app/node_modules/egg-multipart/app/schedule/clean_tmpdir.js
2020-03-05 18:58:58,170 INFO 92856 [egg-schedule]: register schedule /Users/liujianhui/projects/electron-app/node_modules/egg-logrotator/app/schedule/clean_log.js
2020-03-05 18:58:58,170 INFO 92856 [egg-schedule]: register schedule /Users/liujianhui/projects/electron-app/node_modules/egg-logrotator/app/schedule/rotate_by_file.js
2020-03-05 18:59:30,682 INFO 92876 [Timer] /Users/liujianhui/projects/electron-app/node_modules/egg-multipart/app/schedule/clean_tmpdir.js next time will execute after 34229322ms at 2020-03-06 04:30:00.004
2020-03-05 18:59:30,682 INFO 92876 [Timer] /Users/liujianhui/projects/electron-app/node_modules/egg-logrotator/app/schedule/clean_log.js next time will execute after 18029318ms at 2020-03-06 00:00:00.000
2020-03-05 18:59:30,682 INFO 92876 [Timer] /Users/liujianhui/projects/electron-app/node_modules/egg-logrotator/app/schedule/rotate_by_file.js next time will execute after 18030318ms at 2020-03-06 00:00:01.000
2020-03-05 18:59:30,622 INFO 92880 [egg-schedule]: register schedule /Users/liujianhui/projects/electron-app/node_modules/egg-multipart/app/schedule/clean_tmpdir.js
2020-03-05 18:59:30,622 INFO 92880 [egg-schedule]: register schedule /Users/liujianhui/projects/electron-app/node_modules/egg-logrotator/app/schedule/clean_log.js
2020-03-05 18:59:30,622 INFO 92880 [egg-schedule]: register schedule /Users/liujianhui/projects/electron-app/node_modules/egg-logrotator/app/schedule/rotate_by_file.js
2020-03-05 18:59:42,819 INFO 92903 [Timer] /Users/liujianhui/projects/electron-app/node_modules/egg-multipart/app/schedule/clean_tmpdir.js next time will execute after 34217184ms at 2020-03-06 04:30:00.003
2020-03-05 18:59:42,819 INFO 92903 [Timer] /Users/liujianhui/projects/electron-app/node_modules/egg-logrotator/app/schedule/clean_log.js next time will execute after 18017181ms at 2020-03-06 00:00:00.000
2020-03-05 18:59:42,819 INFO 92903 [Timer] /Users/liujianhui/projects/electron-app/node_modules/egg-logrotator/app/schedule/rotate_by_file.js next time will execute after 18018181ms at 2020-03-06 00:00:01.000
2020-03-05 18:59:42,762 INFO 92904 [egg-schedule]: register schedule /Users/liujianhui/projects/electron-app/node_modules/egg-multipart/app/schedule/clean_tmpdir.js
2020-03-05 18:59:42,762 INFO 92904 [egg-schedule]: register schedule /Users/liujianhui/projects/electron-app/node_modules/egg-logrotator/app/schedule/clean_log.js
2020-03-05 18:59:42,762 INFO 92904 [egg-schedule]: register schedule /Users/liujianhui/projects/electron-app/node_modules/egg-logrotator/app/schedule/rotate_by_file.js
2020-03-05 19:02:43,925 INFO 92993 [Timer] /Users/liujianhui/projects/electron-app/node_modules/egg-multipart/app/schedule/clean_tmpdir.js next time will execute after 34036078ms at 2020-03-06 04:30:00.003
2020-03-05 19:02:43,925 INFO 92993 [Timer] /Users/liujianhui/projects/electron-app/node_modules/egg-logrotator/app/schedule/clean_log.js next time will execute after 17836075ms at 2020-03-06 00:00:00.000
2020-03-05 19:02:43,925 INFO 92993 [Timer] /Users/liujianhui/projects/electron-app/node_modules/egg-logrotator/app/schedule/rotate_by_file.js next time will execute after 17837075ms at 2020-03-06 00:00:01.000
2020-03-05 19:02:43,818 INFO 92994 [egg-schedule]: register schedule /Users/liujianhui/projects/electron-app/node_modules/egg-multipart/app/schedule/clean_tmpdir.js
2020-03-05 19:02:43,818 INFO 92994 [egg-schedule]: register schedule /Users/liujianhui/projects/electron-app/node_modules/egg-logrotator/app/schedule/clean_log.js
2020-03-05 19:02:43,818 INFO 92994 [egg-schedule]: register schedule /Users/liujianhui/projects/electron-app/node_modules/egg-logrotator/app/schedule/rotate_by_file.js
2020-03-05 19:03:06,236 INFO 93025 [Timer] /Users/liujianhui/projects/electron-app/node_modules/egg-multipart/app/schedule/clean_tmpdir.js next time will execute after 34013768ms at 2020-03-06 04:30:00.004
2020-03-05 19:03:06,236 INFO 93025 [Timer] /Users/liujianhui/projects/electron-app/node_modules/egg-logrotator/app/schedule/clean_log.js next time will execute after 17813764ms at 2020-03-06 00:00:00.000
2020-03-05 19:03:06,237 INFO 93025 [Timer] /Users/liujianhui/projects/electron-app/node_modules/egg-logrotator/app/schedule/rotate_by_file.js next time will execute after 17814764ms at 2020-03-06 00:00:01.001
2020-03-05 19:03:06,096 INFO 93026 [egg-schedule]: register schedule /Users/liujianhui/projects/electron-app/node_modules/egg-multipart/app/schedule/clean_tmpdir.js
2020-03-05 19:03:06,096 INFO 93026 [egg-schedule]: register schedule /Users/liujianhui/projects/electron-app/node_modules/egg-logrotator/app/schedule/clean_log.js
2020-03-05 19:03:06,096 INFO 93026 [egg-schedule]: register schedule /Users/liujianhui/projects/electron-app/node_modules/egg-logrotator/app/schedule/rotate_by_file.js
2020-03-05 19:03:33,361 INFO 93063 [Timer] /Users/liujianhui/projects/electron-app/node_modules/egg-multipart/app/schedule/clean_tmpdir.js next time will execute after 33986642ms at 2020-03-06 04:30:00.003
2020-03-05 19:03:33,361 INFO 93063 [Timer] /Users/liujianhui/projects/electron-app/node_modules/egg-logrotator/app/schedule/clean_log.js next time will execute after 17786639ms at 2020-03-06 00:00:00.000
2020-03-05 19:03:33,361 INFO 93063 [Timer] /Users/liujianhui/projects/electron-app/node_modules/egg-logrotator/app/schedule/rotate_by_file.js next time will execute after 17787639ms at 2020-03-06 00:00:01.000
2020-03-05 19:03:33,304 INFO 93067 [egg-schedule]: register schedule /Users/liujianhui/projects/electron-app/node_modules/egg-multipart/app/schedule/clean_tmpdir.js
2020-03-05 19:03:33,304 INFO 93067 [egg-schedule]: register schedule /Users/liujianhui/projects/electron-app/node_modules/egg-logrotator/app/schedule/clean_log.js
2020-03-05 19:03:33,304 INFO 93067 [egg-schedule]: register schedule /Users/liujianhui/projects/electron-app/node_modules/egg-logrotator/app/schedule/rotate_by_file.js
