2020-03-05 18:57:39,701 INFO 92741 [egg:logger] init all loggers with options: {"dir":"/Users/liujianhui/projects/electron-app/logs/electron-app","encoding":"utf8","env":"local","level":"INFO","consoleLevel":"INFO","disableConsoleAfterReady":false,"outputJSON":false,"buffer":true,"appLogName":"electron-app-web.log","coreLogName":"egg-web.log","agentLogName":"egg-agent.log","errorLogName":"common-error.log","coreLogger":{"consoleLevel":"WARN"},"allowDebugAtProd":false,"type":"application"}
2020-03-05 18:57:39,732 INFO 92741 [egg-multipart] stream mode enable
2020-03-05 18:57:39,786 INFO 92741 [egg-static] starting static serve /public/ -> /Users/liujianhui/projects/electron-app/app/public
2020-03-05 18:57:39,788 INFO 92741 [egg-security] use csrf middleware
2020-03-05 18:57:39,789 INFO 92741 [egg-security] use methodnoallow middleware
2020-03-05 18:57:39,789 INFO 92741 [egg-security] use noopen middleware
2020-03-05 18:57:39,790 INFO 92741 [egg-security] use nosniff middleware
2020-03-05 18:57:39,790 INFO 92741 [egg-security] use xssProtection middleware
2020-03-05 18:57:39,791 INFO 92741 [egg-security] use xframe middleware
2020-03-05 18:57:39,791 INFO 92741 [egg-security] use dta middleware
2020-03-05 18:57:39,791 INFO 92741 [egg-security] compose 7 middlewares into one security middleware
2020-03-05 18:57:39,796 INFO 92741 [egg:core] dump config after load, 4ms
2020-03-05 18:57:39,824 INFO 92741 [egg-watcher:application] watcher start success
2020-03-05 18:57:39,830 INFO 92741 [egg:core] dump config after ready, 3ms
2020-03-05 18:58:02,081 INFO 92789 [egg:logger] init all loggers with options: {"dir":"/Users/liujianhui/projects/electron-app/logs/electron-app","encoding":"utf8","env":"local","level":"INFO","consoleLevel":"INFO","disableConsoleAfterReady":false,"outputJSON":false,"buffer":true,"appLogName":"electron-app-web.log","coreLogName":"egg-web.log","agentLogName":"egg-agent.log","errorLogName":"common-error.log","coreLogger":{"consoleLevel":"WARN"},"allowDebugAtProd":false,"type":"application"}
2020-03-05 18:58:02,121 INFO 92789 [egg-multipart] stream mode enable
2020-03-05 18:58:02,177 INFO 92789 [egg-static] starting static serve /public/ -> /Users/liujianhui/projects/electron-app/app/public
2020-03-05 18:58:02,181 INFO 92789 [egg-security] use csrf middleware
2020-03-05 18:58:02,182 INFO 92789 [egg-security] use methodnoallow middleware
2020-03-05 18:58:02,182 INFO 92789 [egg-security] use noopen middleware
2020-03-05 18:58:02,183 INFO 92789 [egg-security] use nosniff middleware
2020-03-05 18:58:02,184 INFO 92789 [egg-security] use xssProtection middleware
2020-03-05 18:58:02,184 INFO 92789 [egg-security] use xframe middleware
2020-03-05 18:58:02,185 INFO 92789 [egg-security] use dta middleware
2020-03-05 18:58:02,185 INFO 92789 [egg-security] compose 7 middlewares into one security middleware
2020-03-05 18:58:02,193 INFO 92789 [egg:core] dump config after load, 7ms
2020-03-05 18:58:02,213 INFO 92789 [egg-watcher:application] watcher start success
2020-03-05 18:58:02,220 INFO 92789 [egg:core] dump config after ready, 5ms
